<?xml version="1.0" encoding="UTF-8"?>
<!-- Generated by org.testng.reporters.JUnitReportReporter -->
<testsuite hostname="LAPTOP-L3BQ5DRJ" failures="0" tests="1" name="OrganizationTests.ToCreateOrgWithIndustryTest" time="9.330" errors="0" timestamp="2025-04-03T10:36:35 IST" skipped="0">
  <testcase classname="OrganizationTests.ToCreateOrgWithIndustryTest" name="tocreateOrgWithIndustry_003" time="9.330"/>
  <system-out/>
</testsuite> <!-- OrganizationTests.ToCreateOrgWithIndustryTest -->
