<?xml version="1.0" encoding="UTF-8"?>
<!-- Generated by org.testng.reporters.JUnitReportReporter -->
<testsuite hostname="LAPTOP-L3BQ5DRJ" failures="0" tests="1" name="OrganizationTests.ToCreateOrgWithTypeTest" time="9.229" errors="0" timestamp="2025-04-03T10:36:35 IST" skipped="0">
  <testcase classname="OrganizationTests.ToCreateOrgWithTypeTest" name="toCreateOrgWithTypeTest" time="9.229"/>
  <system-out/>
</testsuite> <!-- OrganizationTests.ToCreateOrgWithTypeTest -->
