<?xml version="1.0" encoding="UTF-8"?>
<!-- Generated by org.testng.reporters.JUnitReportReporter -->
<testsuite hostname="LAPTOP-L3BQ5DRJ" failures="0" tests="1" name="ContactTests.ToCreateContactwWithOrgTest" time="12.075" errors="0" timestamp="2025-04-03T10:36:35 IST" skipped="0">
  <testcase classname="ContactTests.ToCreateContactwWithOrgTest" name="toCreateContactWithOrg_005" time="12.075"/>
  <system-out>
    <![CDATA[[ CON43 ] Shreya M - Contact InformationADDED SUCCESSFULLY]]>
  </system-out>
</testsuite> <!-- ContactTests.ToCreateContactwWithOrgTest -->
