<?xml version="1.0" encoding="UTF-8"?>
<!-- Generated by org.testng.reporters.JUnitReportReporter -->
<testsuite hostname="LAPTOP-L3BQ5DRJ" failures="0" tests="1" name="OrganizationTests.ToCreateOrgTest" time="11.453" errors="0" timestamp="2025-04-03T10:36:35 IST" skipped="0">
  <testcase classname="OrganizationTests.ToCreateOrgTest" name="toCreateOrg_002" time="11.453"/>
  <system-out>
    <![CDATA[[ ACC21 ] TCS571 - Organization InformationSuccessfully passed]]>
  </system-out>
</testsuite> <!-- OrganizationTests.ToCreateOrgTest -->
